<?xml version="1.0" encoding="UTF-8"?>
<!-- Generated by org.testng.reporters.JUnitReportReporter -->
<testsuite hostname="DESKTOP-PHM1FPO" failures="0" tests="1" name="testcases.tc_emp" time="8.254" errors="0" timestamp="2024-10-22T00:28:54 IST" skipped="0">
  <testcase classname="testcases.tc_emp" name="addemployees" time="8.254"/>
  <system-out/>
</testsuite> <!-- testcases.tc_emp -->
