<?xml version="1.0" encoding="UTF-8"?>
<!-- Generated by org.testng.reporters.JUnitReportReporter -->
<testsuite hostname="DESKTOP-PHM1FPO" failures="0" tests="1" name="testcases.tc_login" time="1.410" errors="0" timestamp="2024-10-22T00:34:43 IST" skipped="0">
  <testcase classname="testcases.tc_login" name="loginadmin" time="1.410"/>
  <system-out/>
</testsuite> <!-- testcases.tc_login -->
