<?xml version="1.0" encoding="UTF-8"?>
<!-- Generated by org.testng.reporters.JUnitReportReporter -->
<testsuite hostname="DESKTOP-PHM1FPO" failures="0" tests="1" name="testcases.tc_leavedetails" time="7.691" errors="0" timestamp="2024-10-26T16:23:49 IST" skipped="0">
  <testcase classname="testcases.tc_leavedetails" name="setleavedetails" time="7.691"/>
  <system-out/>
</testsuite> <!-- testcases.tc_leavedetails -->
