<?xml version="1.0" encoding="UTF-8"?>
<!-- Generated by org.testng.reporters.JUnitReportReporter -->
<testsuite hostname="DESKTOP-PHM1FPO" failures="0" tests="1" name="testcases.tap_dynamiclogin" time="11.399" errors="0" timestamp="2024-10-26T23:01:31 IST" skipped="0">
  <testcase classname="testcases.tap_dynamiclogin" name="checkname" time="11.399"/>
  <system-out/>
</testsuite> <!-- testcases.tap_dynamiclogin -->
