<?xml version="1.0" encoding="UTF-8"?>
<!-- Generated by org.testng.reporters.JUnitReportReporter -->
<testsuite hostname="DESKTOP-PHM1FPO" failures="0" tests="1" name="utilities.readconfigs" time="0.013" errors="0" timestamp="2024-10-19T15:06:12 IST" skipped="0">
  <testcase classname="utilities.readconfigs" name="getapplicationurl" time="0.013"/>
  <system-out/>
</testsuite> <!-- utilities.readconfigs -->
