<?xml version="1.0" encoding="UTF-8"?>
<!-- Generated by org.testng.reporters.JUnitReportReporter -->
<testsuite hostname="DESKTOP-PHM1FPO" failures="0" tests="1" name="testcases.tc_dashboard" time="3.147" errors="0" timestamp="2024-10-25T23:40:33 IST" skipped="0">
  <testcase classname="testcases.tc_dashboard" name="addemp" time="3.147"/>
  <system-out/>
</testsuite> <!-- testcases.tc_dashboard -->
